<?xml version="1.0" encoding="UTF-8"?>
<!-- Generated by org.testng.reporters.JUnitXMLReporter -->
<testsuite hostname="DESKTOP-QJ8FI0G" ignored="1" name="Default test" tests="1" failures="0" timestamp="30 May 2020 17:22:11 GMT" time="0.072" errors="0">
  <testcase name="printIndex" time="0.016" classname="javaCocepts.OtherBasics"/>
  <testcase name="sumOfIntegersInArray" time="0.0" classname="javaCocepts.OtherBasics">
    <ignored/>
  </testcase> <!-- sumOfIntegersInArray -->
</testsuite> <!-- Default test -->
