<?xml version="1.0" encoding="UTF-8"?>
<!-- Generated by org.testng.reporters.JUnitXMLReporter -->
<testsuite hostname="DESKTOP-QJ8FI0G" ignored="2" name="Personal Loan" tests="1" failures="0" timestamp="22 Nov 2019 10:42:53 GMT" time="0.085" errors="0">
  <testcase name="plAPI" time="0.032" classname="prep2_Testng.PersonalLoan"/>
  <testcase name="plMobile" time="0.0" classname="prep2_Testng.PersonalLoan">
    <ignored/>
  </testcase> <!-- plMobile -->
  <testcase name="plWebLogin" time="0.0" classname="prep2_Testng.PersonalLoan">
    <ignored/>
  </testcase> <!-- plWebLogin -->
</testsuite> <!-- Personal Loan -->
