<?xml version="1.0" encoding="UTF-8"?>
<!-- Generated by org.testng.reporters.JUnitXMLReporter -->
<testsuite hostname="DESKTOP-QJ8FI0G" ignored="0" name="Test" tests="1" failures="1" timestamp="27 Nov 2019 03:40:45 GMT" time="0.053" errors="0">
  <testcase name="datadrivenpractice" time="0.0" classname="dataDriven.ExcelPractice">
    <failure type="org.testng.TestNGException" message="
Cannot inject @Test annotated Method [datadrivenpractice] with [class java.lang.String].
For more information on native dependency injection please refer to http://testng.org/doc/documentation-main.html#native-dependency-injection">
      <![CDATA[org.testng.TestNGException: 
Cannot inject @Test annotated Method [datadrivenpractice] with [class java.lang.String].
For more information on native dependency injection please refer to http://testng.org/doc/documentation-main.html#native-dependency-injection
... Removed 24 stack frames]]>
    </failure>
  </testcase> <!-- datadrivenpractice -->
</testsuite> <!-- Test -->
