<?xml version="1.0" encoding="UTF-8"?>
<testng-results skipped="0" failed="0" ignored="1" total="2" passed="1">
  <reporter-output>
  </reporter-output>
  <suite name="Default suite" duration-ms="72" started-at="2020-05-30T17:22:11Z" finished-at="2020-05-30T17:22:11Z">
    <groups>
    </groups>
    <test name="Default test" duration-ms="72" started-at="2020-05-30T17:22:11Z" finished-at="2020-05-30T17:22:11Z">
      <class name="javaCocepts.OtherBasics">
        <test-method status="PASS" signature="printIndex()[pri:0, instance:javaCocepts.OtherBasics@457e2f02]" name="printIndex" duration-ms="16" started-at="2020-05-30T22:52:11Z" finished-at="2020-05-30T22:52:11Z">
          <reporter-output>
          </reporter-output>
        </test-method> <!-- printIndex -->
      </class> <!-- javaCocepts.OtherBasics -->
    </test> <!-- Default test -->
  </suite> <!-- Default suite -->
</testng-results>
